<?xml version="1.0" encoding="UTF-8"?>
<testng-results ignored="0" total="2" passed="2" failed="0" skipped="0">
  <reporter-output>
  </reporter-output>
  <suite started-at="2022-10-05T21:13:01 EDT" name="Default suite" finished-at="2022-10-05T21:13:02 EDT" duration-ms="200">
    <groups>
    </groups>
    <test started-at="2022-10-05T21:13:01 EDT" name="Default test" finished-at="2022-10-05T21:13:02 EDT" duration-ms="200">
      <class name="TestNG.TestNG_First">
        <test-method is-config="true" signature="beforeSuite()[pri:0, instance:TestNG.TestNG_First@7f3b84b8]" started-at="2022-10-05T21:13:01 EDT" name="beforeSuite" finished-at="2022-10-05T21:13:01 EDT" duration-ms="29" status="PASS">
          <reporter-output>
          </reporter-output>
        </test-method> <!-- beforeSuite -->
        <test-method is-config="true" signature="beforeTest()[pri:0, instance:TestNG.TestNG_First@7f3b84b8]" started-at="2022-10-05T21:13:01 EDT" name="beforeTest" finished-at="2022-10-05T21:13:01 EDT" duration-ms="1" status="PASS">
          <reporter-output>
          </reporter-output>
        </test-method> <!-- beforeTest -->
        <test-method is-config="true" signature="beforeClass()[pri:0, instance:TestNG.TestNG_First@7f3b84b8]" started-at="2022-10-05T21:13:01 EDT" name="beforeClass" finished-at="2022-10-05T21:13:01 EDT" duration-ms="2" status="PASS">
          <reporter-output>
          </reporter-output>
        </test-method> <!-- beforeClass -->
        <test-method is-config="true" signature="beforeMethod()[pri:0, instance:TestNG.TestNG_First@7f3b84b8]" started-at="2022-10-05T21:13:01 EDT" name="beforeMethod" finished-at="2022-10-05T21:13:01 EDT" duration-ms="3" status="PASS">
          <reporter-output>
          </reporter-output>
        </test-method> <!-- beforeMethod -->
        <test-method signature="Test6()[pri:0, instance:TestNG.TestNG_First@7f3b84b8]" started-at="2022-10-05T21:13:01 EDT" name="Test6" finished-at="2022-10-05T21:13:02 EDT" duration-ms="31" status="PASS">
          <reporter-output>
          </reporter-output>
        </test-method> <!-- Test6 -->
        <test-method is-config="true" signature="afterMethod()[pri:0, instance:TestNG.TestNG_First@7f3b84b8]" started-at="2022-10-05T21:13:02 EDT" name="afterMethod" finished-at="2022-10-05T21:13:02 EDT" duration-ms="6" status="PASS">
          <reporter-output>
          </reporter-output>
        </test-method> <!-- afterMethod -->
        <test-method is-config="true" signature="beforeMethod()[pri:0, instance:TestNG.TestNG_First@7f3b84b8]" started-at="2022-10-05T21:13:02 EDT" name="beforeMethod" finished-at="2022-10-05T21:13:02 EDT" duration-ms="5" status="PASS">
          <reporter-output>
          </reporter-output>
        </test-method> <!-- beforeMethod -->
        <test-method signature="f()[pri:0, instance:TestNG.TestNG_First@7f3b84b8]" started-at="2022-10-05T21:13:02 EDT" name="f" finished-at="2022-10-05T21:13:02 EDT" duration-ms="4" status="PASS">
          <reporter-output>
          </reporter-output>
        </test-method> <!-- f -->
        <test-method is-config="true" signature="afterMethod()[pri:0, instance:TestNG.TestNG_First@7f3b84b8]" started-at="2022-10-05T21:13:02 EDT" name="afterMethod" finished-at="2022-10-05T21:13:02 EDT" duration-ms="9" status="PASS">
          <reporter-output>
          </reporter-output>
        </test-method> <!-- afterMethod -->
        <test-method is-config="true" signature="afterClass()[pri:0, instance:TestNG.TestNG_First@7f3b84b8]" started-at="2022-10-05T21:13:02 EDT" name="afterClass" finished-at="2022-10-05T21:13:02 EDT" duration-ms="3" status="PASS">
          <reporter-output>
          </reporter-output>
        </test-method> <!-- afterClass -->
        <test-method is-config="true" signature="afterTest()[pri:0, instance:TestNG.TestNG_First@7f3b84b8]" started-at="2022-10-05T21:13:02 EDT" name="afterTest" finished-at="2022-10-05T21:13:02 EDT" duration-ms="15" status="PASS">
          <reporter-output>
          </reporter-output>
        </test-method> <!-- afterTest -->
        <test-method is-config="true" signature="afterSuite()[pri:0, instance:TestNG.TestNG_First@7f3b84b8]" started-at="2022-10-05T21:13:02 EDT" name="afterSuite" finished-at="2022-10-05T21:13:02 EDT" duration-ms="0" status="PASS">
          <reporter-output>
          </reporter-output>
        </test-method> <!-- afterSuite -->
      </class> <!-- TestNG.TestNG_First -->
    </test> <!-- Default test -->
  </suite> <!-- Default suite -->
</testng-results>
